<?xml version="1.0" encoding="UTF-8"?>
<testng-results ignored="0" total="1" passed="1" failed="0" skipped="0">
  <reporter-output>
  </reporter-output>
  <suite started-at="2024-01-06T10:25:03 IST" name="Default suite" finished-at="2024-01-06T10:25:20 IST" duration-ms="17574">
    <groups>
    </groups>
    <test started-at="2024-01-06T10:25:03 IST" name="Default test" finished-at="2024-01-06T10:25:20 IST" duration-ms="17574">
      <class name="selenium6.amazonecapc">
        <test-method signature="f()[pri:0, instance:selenium6.amazonecapc@3ee37e5a]" started-at="2024-01-06T10:25:03 IST" name="f" finished-at="2024-01-06T10:25:20 IST" duration-ms="17507" status="PASS">
          <reporter-output>
          </reporter-output>
        </test-method> <!-- f -->
      </class> <!-- selenium6.amazonecapc -->
    </test> <!-- Default test -->
  </suite> <!-- Default suite -->
</testng-results>
