<?xml version="1.0" encoding="UTF-8"?>
<!-- Generated by org.testng.reporters.JUnitXMLReporter -->
<testsuite ignored="0" hostname="suharika" failures="0" tests="10" name="Default test" time="0.234" errors="0" timestamp="2024-01-26T09:21:44 IST">
  <testcase classname="selenium7.parallel" name="f" time="0.021"/>
  <testcase classname="selenium7.parallel" name="f" time="0.022"/>
  <testcase classname="selenium7.parallel" name="f" time="0.022"/>
  <testcase classname="selenium7.parallel" name="f" time="0.003"/>
  <testcase classname="selenium7.parallel" name="f" time="0.006"/>
  <testcase classname="selenium7.parallel" name="f1" time="0.003"/>
  <testcase classname="selenium7.parallel" name="f1" time="0.005"/>
  <testcase classname="selenium7.parallel" name="f1" time="0.001"/>
  <testcase classname="selenium7.parallel" name="f1" time="0.002"/>
  <testcase classname="selenium7.parallel" name="f1" time="0.007"/>
</testsuite> <!-- Default test -->
